<?xml version="1.0" encoding="UTF-8"?>
<testsuite xmlns:xsi="http://www.w3.org/2001/XMLSchema-instance" xsi:noNamespaceSchemaLocation="https://maven.apache.org/surefire/maven-surefire-plugin/xsd/surefire-test-report.xsd" name="io.mosip.esignet.mock.identitysystem.service.impl.AuthenticationServiceImplTest" time="0.058" tests="3" errors="0" skipped="0" failures="0">
  <properties>
[...]
</properties>
  <testcase name="kycAuth_withInValidKbaChallenge_thenFail" classname="io.mosip.esignet.mock.identitysystem.service.impl.AuthenticationServiceImplTest" time="0.05"/>
  <testcase name="kycAuth_withValidKbaChallenge_thenPass" classname="io.mosip.esignet.mock.identitysystem.service.impl.AuthenticationServiceImplTest" time="0.006"/>
  <testcase name="kycAuth_withInCorrectKbaChallenge_thenFail" classname="io.mosip.esignet.mock.identitysystem.service.impl.AuthenticationServiceImplTest" time="0.001"/>
</testsuite>